<!DOCTYPE html>
<html>
  <head>
    <meta charset="utf-8"/>
    <title>report_accone.html</title>
    <link href="assets/style.css" rel="stylesheet" type="text/css"/></head>
  <body onLoad="init()">
    <script>/* This Source Code Form is subject to the terms of the Mozilla Public
 * License, v. 2.0. If a copy of the MPL was not distributed with this file,
 * You can obtain one at http://mozilla.org/MPL/2.0/. */


function toArray(iter) {
    if (iter === null) {
        return null;
    }
    return Array.prototype.slice.call(iter);
}

function find(selector, elem) { // eslint-disable-line no-redeclare
    if (!elem) {
        elem = document;
    }
    return elem.querySelector(selector);
}

function findAll(selector, elem) {
    if (!elem) {
        elem = document;
    }
    return toArray(elem.querySelectorAll(selector));
}

function sortColumn(elem) {
    toggleSortStates(elem);
    const colIndex = toArray(elem.parentNode.childNodes).indexOf(elem);
    let key;
    if (elem.classList.contains('result')) {
        key = keyResult;
    } else if (elem.classList.contains('links')) {
        key = keyLink;
    } else {
        key = keyAlpha;
    }
    sortTable(elem, key(colIndex));
}

function showAllExtras() { // eslint-disable-line no-unused-vars
    findAll('.col-result').forEach(showExtras);
}

function hideAllExtras() { // eslint-disable-line no-unused-vars
    findAll('.col-result').forEach(hideExtras);
}

function showExtras(colresultElem) {
    const extras = colresultElem.parentNode.nextElementSibling;
    const expandcollapse = colresultElem.firstElementChild;
    extras.classList.remove('collapsed');
    expandcollapse.classList.remove('expander');
    expandcollapse.classList.add('collapser');
}

function hideExtras(colresultElem) {
    const extras = colresultElem.parentNode.nextElementSibling;
    const expandcollapse = colresultElem.firstElementChild;
    extras.classList.add('collapsed');
    expandcollapse.classList.remove('collapser');
    expandcollapse.classList.add('expander');
}

function showFilters() {
    let visibleString = getQueryParameter('visible') || 'all';
    visibleString = visibleString.toLowerCase();
    const checkedItems = visibleString.split(',');

    const filterItems = document.getElementsByClassName('filter');
    for (let i = 0; i < filterItems.length; i++) {
        filterItems[i].hidden = false;

        if (visibleString != 'all') {
            filterItems[i].checked = checkedItems.includes(filterItems[i].getAttribute('data-test-result'));
            filterTable(filterItems[i]);
        }
    }
}

function addCollapse() {
    // Add links for show/hide all
    const resulttable = find('table#results-table');
    const showhideall = document.createElement('p');
    showhideall.innerHTML = '<a href="javascript:showAllExtras()">Show all details</a> / ' +
                            '<a href="javascript:hideAllExtras()">Hide all details</a>';
    resulttable.parentElement.insertBefore(showhideall, resulttable);

    // Add show/hide link to each result
    findAll('.col-result').forEach(function(elem) {
        const collapsed = getQueryParameter('collapsed') || 'Passed';
        const extras = elem.parentNode.nextElementSibling;
        const expandcollapse = document.createElement('span');
        if (extras.classList.contains('collapsed')) {
            expandcollapse.classList.add('expander');
        } else if (collapsed.includes(elem.innerHTML)) {
            extras.classList.add('collapsed');
            expandcollapse.classList.add('expander');
        } else {
            expandcollapse.classList.add('collapser');
        }
        elem.appendChild(expandcollapse);

        elem.addEventListener('click', function(event) {
            if (event.currentTarget.parentNode.nextElementSibling.classList.contains('collapsed')) {
                showExtras(event.currentTarget);
            } else {
                hideExtras(event.currentTarget);
            }
        });
    });
}

function getQueryParameter(name) {
    const match = RegExp('[?&]' + name + '=([^&]*)').exec(window.location.search);
    return match && decodeURIComponent(match[1].replace(/\+/g, ' '));
}

function init () { // eslint-disable-line no-unused-vars
    resetSortHeaders();

    addCollapse();

    showFilters();

    sortColumn(find('.initial-sort'));

    findAll('.sortable').forEach(function(elem) {
        elem.addEventListener('click',
            function() {
                sortColumn(elem);
            }, false);
    });
}

function sortTable(clicked, keyFunc) {
    const rows = findAll('.results-table-row');
    const reversed = !clicked.classList.contains('asc');
    const sortedRows = sort(rows, keyFunc, reversed);
    /* Whole table is removed here because browsers acts much slower
     * when appending existing elements.
     */
    const thead = document.getElementById('results-table-head');
    document.getElementById('results-table').remove();
    const parent = document.createElement('table');
    parent.id = 'results-table';
    parent.appendChild(thead);
    sortedRows.forEach(function(elem) {
        parent.appendChild(elem);
    });
    document.getElementsByTagName('BODY')[0].appendChild(parent);
}

function sort(items, keyFunc, reversed) {
    const sortArray = items.map(function(item, i) {
        return [keyFunc(item), i];
    });

    sortArray.sort(function(a, b) {
        const keyA = a[0];
        const keyB = b[0];

        if (keyA == keyB) return 0;

        if (reversed) {
            return keyA < keyB ? 1 : -1;
        } else {
            return keyA > keyB ? 1 : -1;
        }
    });

    return sortArray.map(function(item) {
        const index = item[1];
        return items[index];
    });
}

function keyAlpha(colIndex) {
    return function(elem) {
        return elem.childNodes[1].childNodes[colIndex].firstChild.data.toLowerCase();
    };
}

function keyLink(colIndex) {
    return function(elem) {
        const dataCell = elem.childNodes[1].childNodes[colIndex].firstChild;
        return dataCell == null ? '' : dataCell.innerText.toLowerCase();
    };
}

function keyResult(colIndex) {
    return function(elem) {
        const strings = ['Error', 'Failed', 'Rerun', 'XFailed', 'XPassed',
            'Skipped', 'Passed'];
        return strings.indexOf(elem.childNodes[1].childNodes[colIndex].firstChild.data);
    };
}

function resetSortHeaders() {
    findAll('.sort-icon').forEach(function(elem) {
        elem.parentNode.removeChild(elem);
    });
    findAll('.sortable').forEach(function(elem) {
        const icon = document.createElement('div');
        icon.className = 'sort-icon';
        icon.textContent = 'vvv';
        elem.insertBefore(icon, elem.firstChild);
        elem.classList.remove('desc', 'active');
        elem.classList.add('asc', 'inactive');
    });
}

function toggleSortStates(elem) {
    //if active, toggle between asc and desc
    if (elem.classList.contains('active')) {
        elem.classList.toggle('asc');
        elem.classList.toggle('desc');
    }

    //if inactive, reset all other functions and add ascending active
    if (elem.classList.contains('inactive')) {
        resetSortHeaders();
        elem.classList.remove('inactive');
        elem.classList.add('active');
    }
}

function isAllRowsHidden(value) {
    return value.hidden == false;
}

function filterTable(elem) { // eslint-disable-line no-unused-vars
    const outcomeAtt = 'data-test-result';
    const outcome = elem.getAttribute(outcomeAtt);
    const classOutcome = outcome + ' results-table-row';
    const outcomeRows = document.getElementsByClassName(classOutcome);

    for(let i = 0; i < outcomeRows.length; i++){
        outcomeRows[i].hidden = !elem.checked;
    }

    const rows = findAll('.results-table-row').filter(isAllRowsHidden);
    const allRowsHidden = rows.length == 0 ? true : false;
    const notFoundMessage = document.getElementById('not-found-message');
    notFoundMessage.hidden = !allRowsHidden;
}
</script>
    <h1>report_accone.html</h1>
    <p>Report generated on 03-Aug-2023 at 15:23:36 by <a href="https://pypi.python.org/pypi/pytest-html">pytest-html</a> v3.2.0</p>
    <h2>Summary</h2>
    <p>14 tests ran in 267.06 seconds. </p>
    <p class="filter" hidden="true">(Un)check the boxes to filter the results.</p><input checked="true" class="filter" data-test-result="passed" hidden="true" name="filter_checkbox" onChange="filterTable(this)" type="checkbox"/><span class="passed">11 passed</span>, <input checked="true" class="filter" data-test-result="skipped" disabled="true" hidden="true" name="filter_checkbox" onChange="filterTable(this)" type="checkbox"/><span class="skipped">0 skipped</span>, <input checked="true" class="filter" data-test-result="failed" hidden="true" name="filter_checkbox" onChange="filterTable(this)" type="checkbox"/><span class="failed">3 failed</span>, <input checked="true" class="filter" data-test-result="error" disabled="true" hidden="true" name="filter_checkbox" onChange="filterTable(this)" type="checkbox"/><span class="error">0 errors</span>, <input checked="true" class="filter" data-test-result="xfailed" disabled="true" hidden="true" name="filter_checkbox" onChange="filterTable(this)" type="checkbox"/><span class="xfailed">0 expected failures</span>, <input checked="true" class="filter" data-test-result="xpassed" disabled="true" hidden="true" name="filter_checkbox" onChange="filterTable(this)" type="checkbox"/><span class="xpassed">0 unexpected passes</span>
    <h2>Results</h2>
    <table id="results-table">
      <thead id="results-table-head">
        <tr>
          <th class="sortable result initial-sort" col="result">Result</th>
          <th class="sortable" col="name">Test</th>
          <th class="sortable" col="duration">Duration</th>
          <th class="sortable links" col="links">Links</th></tr>
        <tr hidden="true" id="not-found-message">
          <th colspan="4">No results found. Try to check the filters</th></tr></thead>
      <tbody class="failed results-table-row">
        <tr>
          <td class="col-result">Failed</td>
          <td class="col-name">test_accone.py::test_welcome</td>
          <td class="col-duration">21.29</td>
          <td class="col-links"></td></tr>
        <tr>
          <td class="extra" colspan="4">
            <div class="log">setup = &lt;selenium.webdriver.chrome.webdriver.WebDriver (session=&quot;359d557ebe143916dd20680a2d3f0c8a&quot;)&gt;<br/><br/>    @pytest.mark.welcome<br/>    def test_welcome(setup):<br/>        webTitle = setup.title<br/>&gt;       tes = setup.find_element(By.XPATH, &#x27;//*[@id=&quot;b1-LayoutWrapper&quot;]/div[3]/div[1]/div/div[1]/span&#x27;).text<br/><br/>test_accone.py:31: <br/>_ _ _ _ _ _ _ _ _ _ _ _ _ _ _ _ _ _ _ _ _ _ _ _ _ _ _ _ _ _ _ _ _ _ _ _ _ _ _ _ <br/>C:\Users\ASUS\AppData\Local\Programs\Python\Python311\Lib\site-packages\selenium\webdriver\remote\webdriver.py:740: in find_element<br/>    return self.execute(Command.FIND_ELEMENT, {&quot;using&quot;: by, &quot;value&quot;: value})[&quot;value&quot;]<br/>C:\Users\ASUS\AppData\Local\Programs\Python\Python311\Lib\site-packages\selenium\webdriver\remote\webdriver.py:346: in execute<br/>    self.error_handler.check_response(response)<br/>_ _ _ _ _ _ _ _ _ _ _ _ _ _ _ _ _ _ _ _ _ _ _ _ _ _ _ _ _ _ _ _ _ _ _ _ _ _ _ _ <br/><br/>self = &lt;selenium.webdriver.remote.errorhandler.ErrorHandler object at 0x00000245C7909F10&gt;<br/>response = {&#x27;status&#x27;: 404, &#x27;value&#x27;: &#x27;{&quot;value&quot;:{&quot;error&quot;:&quot;no such element&quot;,&quot;message&quot;:&quot;no such element: Unable to locate element: {\...07FF6636F38E3]\\n\\tBaseThreadInitThunk [0x00007FFE49F826AD+29]\\n\\tRtlUserThreadStart [0x00007FFE4B84AA68+40]\\n&quot;}}&#x27;}<br/><br/>    def check_response(self, response: Dict[str, Any]) -&gt; None:<br/>        &quot;&quot;&quot;Checks that a JSON response from the WebDriver does not have an<br/>        error.<br/>    <br/>        :Args:<br/>         - response - The JSON response from the WebDriver server as a dictionary<br/>           object.<br/>    <br/>        :Raises: If the response contains an error message.<br/>        &quot;&quot;&quot;<br/>        status = response.get(&quot;status&quot;, None)<br/>        if not status or status == ErrorCode.SUCCESS:<br/>            return<br/>        value = None<br/>        message = response.get(&quot;message&quot;, &quot;&quot;)<br/>        screen: str = response.get(&quot;screen&quot;, &quot;&quot;)<br/>        stacktrace = None<br/>        if isinstance(status, int):<br/>            value_json = response.get(&quot;value&quot;, None)<br/>            if value_json and isinstance(value_json, str):<br/>                import json<br/>    <br/>                try:<br/>                    value = json.loads(value_json)<br/>                    if len(value) == 1:<br/>                        value = value[&quot;value&quot;]<br/>                    status = value.get(&quot;error&quot;, None)<br/>                    if not status:<br/>                        status = value.get(&quot;status&quot;, ErrorCode.UNKNOWN_ERROR)<br/>                        message = value.get(&quot;value&quot;) or value.get(&quot;message&quot;)<br/>                        if not isinstance(message, str):<br/>                            value = message<br/>                            message = message.get(&quot;message&quot;)<br/>                    else:<br/>                        message = value.get(&quot;message&quot;, None)<br/>                except ValueError:<br/>                    pass<br/>    <br/>        exception_class: Type[WebDriverException]<br/>        if status in ErrorCode.NO_SUCH_ELEMENT:<br/>            exception_class = NoSuchElementException<br/>        elif status in ErrorCode.NO_SUCH_FRAME:<br/>            exception_class = NoSuchFrameException<br/>        elif status in ErrorCode.NO_SUCH_SHADOW_ROOT:<br/>            exception_class = NoSuchShadowRootException<br/>        elif status in ErrorCode.NO_SUCH_WINDOW:<br/>            exception_class = NoSuchWindowException<br/>        elif status in ErrorCode.STALE_ELEMENT_REFERENCE:<br/>            exception_class = StaleElementReferenceException<br/>        elif status in ErrorCode.ELEMENT_NOT_VISIBLE:<br/>            exception_class = ElementNotVisibleException<br/>        elif status in ErrorCode.INVALID_ELEMENT_STATE:<br/>            exception_class = InvalidElementStateException<br/>        elif (<br/>            status in ErrorCode.INVALID_SELECTOR<br/>            or status in ErrorCode.INVALID_XPATH_SELECTOR<br/>            or status in ErrorCode.INVALID_XPATH_SELECTOR_RETURN_TYPER<br/>        ):<br/>            exception_class = InvalidSelectorException<br/>        elif status in ErrorCode.ELEMENT_IS_NOT_SELECTABLE:<br/>            exception_class = ElementNotSelectableException<br/>        elif status in ErrorCode.ELEMENT_NOT_INTERACTABLE:<br/>            exception_class = ElementNotInteractableException<br/>        elif status in ErrorCode.INVALID_COOKIE_DOMAIN:<br/>            exception_class = InvalidCookieDomainException<br/>        elif status in ErrorCode.UNABLE_TO_SET_COOKIE:<br/>            exception_class = UnableToSetCookieException<br/>        elif status in ErrorCode.TIMEOUT:<br/>            exception_class = TimeoutException<br/>        elif status in ErrorCode.SCRIPT_TIMEOUT:<br/>            exception_class = TimeoutException<br/>        elif status in ErrorCode.UNKNOWN_ERROR:<br/>            exception_class = WebDriverException<br/>        elif status in ErrorCode.UNEXPECTED_ALERT_OPEN:<br/>            exception_class = UnexpectedAlertPresentException<br/>        elif status in ErrorCode.NO_ALERT_OPEN:<br/>            exception_class = NoAlertPresentException<br/>        elif status in ErrorCode.IME_NOT_AVAILABLE:<br/>            exception_class = ImeNotAvailableException<br/>        elif status in ErrorCode.IME_ENGINE_ACTIVATION_FAILED:<br/>            exception_class = ImeActivationFailedException<br/>        elif status in ErrorCode.MOVE_TARGET_OUT_OF_BOUNDS:<br/>            exception_class = MoveTargetOutOfBoundsException<br/>        elif status in ErrorCode.JAVASCRIPT_ERROR:<br/>            exception_class = JavascriptException<br/>        elif status in ErrorCode.SESSION_NOT_CREATED:<br/>            exception_class = SessionNotCreatedException<br/>        elif status in ErrorCode.INVALID_ARGUMENT:<br/>            exception_class = InvalidArgumentException<br/>        elif status in ErrorCode.NO_SUCH_COOKIE:<br/>            exception_class = NoSuchCookieException<br/>        elif status in ErrorCode.UNABLE_TO_CAPTURE_SCREEN:<br/>            exception_class = ScreenshotException<br/>        elif status in ErrorCode.ELEMENT_CLICK_INTERCEPTED:<br/>            exception_class = ElementClickInterceptedException<br/>        elif status in ErrorCode.INSECURE_CERTIFICATE:<br/>            exception_class = InsecureCertificateException<br/>        elif status in ErrorCode.INVALID_COORDINATES:<br/>            exception_class = InvalidCoordinatesException<br/>        elif status in ErrorCode.INVALID_SESSION_ID:<br/>            exception_class = InvalidSessionIdException<br/>        elif status in ErrorCode.UNKNOWN_METHOD:<br/>            exception_class = UnknownMethodException<br/>        else:<br/>            exception_class = WebDriverException<br/>        if not value:<br/>            value = response[&quot;value&quot;]<br/>        if isinstance(value, str):<br/>            raise exception_class(value)<br/>        if message == &quot;&quot; and &quot;message&quot; in value:<br/>            message = value[&quot;message&quot;]<br/>    <br/>        screen = None  # type: ignore[assignment]<br/>        if &quot;screen&quot; in value:<br/>            screen = value[&quot;screen&quot;]<br/>    <br/>        stacktrace = None<br/>        st_value = value.get(&quot;stackTrace&quot;) or value.get(&quot;stacktrace&quot;)<br/>        if st_value:<br/>            if isinstance(st_value, str):<br/>                stacktrace = st_value.split(&quot;\n&quot;)<br/>            else:<br/>                stacktrace = []<br/>                try:<br/>                    for frame in st_value:<br/>                        line = frame.get(&quot;lineNumber&quot;, &quot;&quot;)<br/>                        file = frame.get(&quot;fileName&quot;, &quot;&lt;anonymous&gt;&quot;)<br/>                        if line:<br/>                            file = f&quot;{file}:{line}&quot;<br/>                        meth = frame.get(&quot;methodName&quot;, &quot;&lt;anonymous&gt;&quot;)<br/>                        if &quot;className&quot; in frame:<br/>                            meth = f&quot;{frame[&#x27;className&#x27;]}.{meth}&quot;<br/>                        msg = &quot;    at %s (%s)&quot;<br/>                        msg = msg % (meth, file)<br/>                        stacktrace.append(msg)<br/>                except TypeError:<br/>                    pass<br/>        if exception_class == UnexpectedAlertPresentException:<br/>            alert_text = None<br/>            if &quot;data&quot; in value:<br/>                alert_text = value[&quot;data&quot;].get(&quot;text&quot;)<br/>            elif &quot;alert&quot; in value:<br/>                alert_text = value[&quot;alert&quot;].get(&quot;text&quot;)<br/>            raise exception_class(message, screen, stacktrace, alert_text)  # type: ignore[call-arg]  # mypy is not smart enough here<br/>&gt;       raise exception_class(message, screen, stacktrace)<br/><span class="error">E       selenium.common.exceptions.NoSuchElementException: Message: no such element: Unable to locate element: {&quot;method&quot;:&quot;xpath&quot;,&quot;selector&quot;:&quot;//*[@id=&quot;b1-LayoutWrapper&quot;]/div[3]/div[1]/div/div[1]/span&quot;}</span><br/><span class="error">E         (Session info: chrome=115.0.5790.111); For documentation on this error, please visit: https://www.selenium.dev/documentation/webdriver/troubleshooting/errors#no-such-element-exception</span><br/><span class="error">E       Stacktrace:</span><br/><span class="error">E       Backtrace:</span><br/><span class="error">E       	GetHandleVerifier [0x00007FF663783E62+57250]</span><br/><span class="error">E       	(No symbol) [0x00007FF6636FBC02]</span><br/><span class="error">E       	(No symbol) [0x00007FF6635CE0BB]</span><br/><span class="error">E       	(No symbol) [0x00007FF66360765E]</span><br/><span class="error">E       	(No symbol) [0x00007FF66360774C]</span><br/><span class="error">E       	(No symbol) [0x00007FF663640267]</span><br/><span class="error">E       	(No symbol) [0x00007FF6636267EF]</span><br/><span class="error">E       	(No symbol) [0x00007FF66363E312]</span><br/><span class="error">E       	(No symbol) [0x00007FF663626583]</span><br/><span class="error">E       	(No symbol) [0x00007FF6635FCC71]</span><br/><span class="error">E       	(No symbol) [0x00007FF6635FDE54]</span><br/><span class="error">E       	GetHandleVerifier [0x00007FF663A34CF2+2879026]</span><br/><span class="error">E       	GetHandleVerifier [0x00007FF663A86F30+3215472]</span><br/><span class="error">E       	GetHandleVerifier [0x00007FF663A7FD4F+3186319]</span><br/><span class="error">E       	GetHandleVerifier [0x00007FF663815505+652869]</span><br/><span class="error">E       	(No symbol) [0x00007FF663707518]</span><br/><span class="error">E       	(No symbol) [0x00007FF6637035F4]</span><br/><span class="error">E       	(No symbol) [0x00007FF6637036EC]</span><br/><span class="error">E       	(No symbol) [0x00007FF6636F38E3]</span><br/><span class="error">E       	BaseThreadInitThunk [0x00007FFE49F826AD+29]</span><br/><span class="error">E       	RtlUserThreadStart [0x00007FFE4B84AA68+40]</span><br/><br/>C:\Users\ASUS\AppData\Local\Programs\Python\Python311\Lib\site-packages\selenium\webdriver\remote\errorhandler.py:245: NoSuchElementException<br/></div></td></tr></tbody>
      <tbody class="failed results-table-row">
        <tr>
          <td class="col-result">Failed</td>
          <td class="col-name">test_accone.py::test_login[yuyuyu@gsa.com-yuyuyu3]</td>
          <td class="col-duration">16.14</td>
          <td class="col-links"></td></tr>
        <tr>
          <td class="extra" colspan="4">
            <div class="log">setup = &lt;selenium.webdriver.chrome.webdriver.WebDriver (session=&quot;c120dac88078eb1598b961fb7c01574d&quot;)&gt;, username = &#x27;yuyuyu@gsa.com&#x27;, password = &#x27;yuyuyu3&#x27;<br/><br/>    @pytest.mark.login<br/>    @pytest.mark.parametrize(&quot;username, password&quot;, login_wrong)<br/>    def test_login(setup, username, password):<br/>        setup.find_element(By.XPATH, &#x27;//*[@id=&quot;b4-$b3&quot;]/div/a&#x27;).click()<br/>        setup.find_element(By.ID, &quot;b5-Username&quot;).send_keys(username)<br/>        setup.find_element(By.ID, &quot;b5-Password2&quot;).send_keys(password)<br/>&gt;       setup.find_element(By.ID, &quot;b5-Button&quot;).click()<br/><br/>test_accone.py:54: <br/>_ _ _ _ _ _ _ _ _ _ _ _ _ _ _ _ _ _ _ _ _ _ _ _ _ _ _ _ _ _ _ _ _ _ _ _ _ _ _ _ <br/>C:\Users\ASUS\AppData\Local\Programs\Python\Python311\Lib\site-packages\selenium\webdriver\remote\webelement.py:94: in click<br/>    self._execute(Command.CLICK_ELEMENT)<br/>C:\Users\ASUS\AppData\Local\Programs\Python\Python311\Lib\site-packages\selenium\webdriver\remote\webelement.py:395: in _execute<br/>    return self._parent.execute(command, params)<br/>C:\Users\ASUS\AppData\Local\Programs\Python\Python311\Lib\site-packages\selenium\webdriver\remote\webdriver.py:346: in execute<br/>    self.error_handler.check_response(response)<br/>_ _ _ _ _ _ _ _ _ _ _ _ _ _ _ _ _ _ _ _ _ _ _ _ _ _ _ _ _ _ _ _ _ _ _ _ _ _ _ _ <br/><br/>self = &lt;selenium.webdriver.remote.errorhandler.ErrorHandler object at 0x00000245C86FB990&gt;<br/>response = {&#x27;status&#x27;: 400, &#x27;value&#x27;: &#x27;{&quot;value&quot;:{&quot;error&quot;:&quot;element click intercepted&quot;,&quot;message&quot;:&quot;element click intercepted: Element ...07FF6636F38E3]\\n\\tBaseThreadInitThunk [0x00007FFE49F826AD+29]\\n\\tRtlUserThreadStart [0x00007FFE4B84AA68+40]\\n&quot;}}&#x27;}<br/><br/>    def check_response(self, response: Dict[str, Any]) -&gt; None:<br/>        &quot;&quot;&quot;Checks that a JSON response from the WebDriver does not have an<br/>        error.<br/>    <br/>        :Args:<br/>         - response - The JSON response from the WebDriver server as a dictionary<br/>           object.<br/>    <br/>        :Raises: If the response contains an error message.<br/>        &quot;&quot;&quot;<br/>        status = response.get(&quot;status&quot;, None)<br/>        if not status or status == ErrorCode.SUCCESS:<br/>            return<br/>        value = None<br/>        message = response.get(&quot;message&quot;, &quot;&quot;)<br/>        screen: str = response.get(&quot;screen&quot;, &quot;&quot;)<br/>        stacktrace = None<br/>        if isinstance(status, int):<br/>            value_json = response.get(&quot;value&quot;, None)<br/>            if value_json and isinstance(value_json, str):<br/>                import json<br/>    <br/>                try:<br/>                    value = json.loads(value_json)<br/>                    if len(value) == 1:<br/>                        value = value[&quot;value&quot;]<br/>                    status = value.get(&quot;error&quot;, None)<br/>                    if not status:<br/>                        status = value.get(&quot;status&quot;, ErrorCode.UNKNOWN_ERROR)<br/>                        message = value.get(&quot;value&quot;) or value.get(&quot;message&quot;)<br/>                        if not isinstance(message, str):<br/>                            value = message<br/>                            message = message.get(&quot;message&quot;)<br/>                    else:<br/>                        message = value.get(&quot;message&quot;, None)<br/>                except ValueError:<br/>                    pass<br/>    <br/>        exception_class: Type[WebDriverException]<br/>        if status in ErrorCode.NO_SUCH_ELEMENT:<br/>            exception_class = NoSuchElementException<br/>        elif status in ErrorCode.NO_SUCH_FRAME:<br/>            exception_class = NoSuchFrameException<br/>        elif status in ErrorCode.NO_SUCH_SHADOW_ROOT:<br/>            exception_class = NoSuchShadowRootException<br/>        elif status in ErrorCode.NO_SUCH_WINDOW:<br/>            exception_class = NoSuchWindowException<br/>        elif status in ErrorCode.STALE_ELEMENT_REFERENCE:<br/>            exception_class = StaleElementReferenceException<br/>        elif status in ErrorCode.ELEMENT_NOT_VISIBLE:<br/>            exception_class = ElementNotVisibleException<br/>        elif status in ErrorCode.INVALID_ELEMENT_STATE:<br/>            exception_class = InvalidElementStateException<br/>        elif (<br/>            status in ErrorCode.INVALID_SELECTOR<br/>            or status in ErrorCode.INVALID_XPATH_SELECTOR<br/>            or status in ErrorCode.INVALID_XPATH_SELECTOR_RETURN_TYPER<br/>        ):<br/>            exception_class = InvalidSelectorException<br/>        elif status in ErrorCode.ELEMENT_IS_NOT_SELECTABLE:<br/>            exception_class = ElementNotSelectableException<br/>        elif status in ErrorCode.ELEMENT_NOT_INTERACTABLE:<br/>            exception_class = ElementNotInteractableException<br/>        elif status in ErrorCode.INVALID_COOKIE_DOMAIN:<br/>            exception_class = InvalidCookieDomainException<br/>        elif status in ErrorCode.UNABLE_TO_SET_COOKIE:<br/>            exception_class = UnableToSetCookieException<br/>        elif status in ErrorCode.TIMEOUT:<br/>            exception_class = TimeoutException<br/>        elif status in ErrorCode.SCRIPT_TIMEOUT:<br/>            exception_class = TimeoutException<br/>        elif status in ErrorCode.UNKNOWN_ERROR:<br/>            exception_class = WebDriverException<br/>        elif status in ErrorCode.UNEXPECTED_ALERT_OPEN:<br/>            exception_class = UnexpectedAlertPresentException<br/>        elif status in ErrorCode.NO_ALERT_OPEN:<br/>            exception_class = NoAlertPresentException<br/>        elif status in ErrorCode.IME_NOT_AVAILABLE:<br/>            exception_class = ImeNotAvailableException<br/>        elif status in ErrorCode.IME_ENGINE_ACTIVATION_FAILED:<br/>            exception_class = ImeActivationFailedException<br/>        elif status in ErrorCode.MOVE_TARGET_OUT_OF_BOUNDS:<br/>            exception_class = MoveTargetOutOfBoundsException<br/>        elif status in ErrorCode.JAVASCRIPT_ERROR:<br/>            exception_class = JavascriptException<br/>        elif status in ErrorCode.SESSION_NOT_CREATED:<br/>            exception_class = SessionNotCreatedException<br/>        elif status in ErrorCode.INVALID_ARGUMENT:<br/>            exception_class = InvalidArgumentException<br/>        elif status in ErrorCode.NO_SUCH_COOKIE:<br/>            exception_class = NoSuchCookieException<br/>        elif status in ErrorCode.UNABLE_TO_CAPTURE_SCREEN:<br/>            exception_class = ScreenshotException<br/>        elif status in ErrorCode.ELEMENT_CLICK_INTERCEPTED:<br/>            exception_class = ElementClickInterceptedException<br/>        elif status in ErrorCode.INSECURE_CERTIFICATE:<br/>            exception_class = InsecureCertificateException<br/>        elif status in ErrorCode.INVALID_COORDINATES:<br/>            exception_class = InvalidCoordinatesException<br/>        elif status in ErrorCode.INVALID_SESSION_ID:<br/>            exception_class = InvalidSessionIdException<br/>        elif status in ErrorCode.UNKNOWN_METHOD:<br/>            exception_class = UnknownMethodException<br/>        else:<br/>            exception_class = WebDriverException<br/>        if not value:<br/>            value = response[&quot;value&quot;]<br/>        if isinstance(value, str):<br/>            raise exception_class(value)<br/>        if message == &quot;&quot; and &quot;message&quot; in value:<br/>            message = value[&quot;message&quot;]<br/>    <br/>        screen = None  # type: ignore[assignment]<br/>        if &quot;screen&quot; in value:<br/>            screen = value[&quot;screen&quot;]<br/>    <br/>        stacktrace = None<br/>        st_value = value.get(&quot;stackTrace&quot;) or value.get(&quot;stacktrace&quot;)<br/>        if st_value:<br/>            if isinstance(st_value, str):<br/>                stacktrace = st_value.split(&quot;\n&quot;)<br/>            else:<br/>                stacktrace = []<br/>                try:<br/>                    for frame in st_value:<br/>                        line = frame.get(&quot;lineNumber&quot;, &quot;&quot;)<br/>                        file = frame.get(&quot;fileName&quot;, &quot;&lt;anonymous&gt;&quot;)<br/>                        if line:<br/>                            file = f&quot;{file}:{line}&quot;<br/>                        meth = frame.get(&quot;methodName&quot;, &quot;&lt;anonymous&gt;&quot;)<br/>                        if &quot;className&quot; in frame:<br/>                            meth = f&quot;{frame[&#x27;className&#x27;]}.{meth}&quot;<br/>                        msg = &quot;    at %s (%s)&quot;<br/>                        msg = msg % (meth, file)<br/>                        stacktrace.append(msg)<br/>                except TypeError:<br/>                    pass<br/>        if exception_class == UnexpectedAlertPresentException:<br/>            alert_text = None<br/>            if &quot;data&quot; in value:<br/>                alert_text = value[&quot;data&quot;].get(&quot;text&quot;)<br/>            elif &quot;alert&quot; in value:<br/>                alert_text = value[&quot;alert&quot;].get(&quot;text&quot;)<br/>            raise exception_class(message, screen, stacktrace, alert_text)  # type: ignore[call-arg]  # mypy is not smart enough here<br/>&gt;       raise exception_class(message, screen, stacktrace)<br/><span class="error">E       selenium.common.exceptions.ElementClickInterceptedException: Message: element click intercepted: Element &lt;button data-button=&quot;&quot; class=&quot;btn btn-primary OSFillParent&quot; type=&quot;button&quot; id=&quot;b5-Button&quot;&gt;...&lt;/button&gt; is not clickable at point (818, 532). Other element would receive the click: &lt;div data-container=&quot;&quot; class=&quot;padding-top-base&quot; style=&quot;text-align: center;&quot;&gt;...&lt;/div&gt;</span><br/><span class="error">E         (Session info: chrome=115.0.5790.111)</span><br/><span class="error">E       Stacktrace:</span><br/><span class="error">E       Backtrace:</span><br/><span class="error">E       	GetHandleVerifier [0x00007FF663783E62+57250]</span><br/><span class="error">E       	(No symbol) [0x00007FF6636FBC02]</span><br/><span class="error">E       	(No symbol) [0x00007FF6635CE0BB]</span><br/><span class="error">E       	(No symbol) [0x00007FF66360D080]</span><br/><span class="error">E       	(No symbol) [0x00007FF66360B6FD]</span><br/><span class="error">E       	(No symbol) [0x00007FF6636096E5]</span><br/><span class="error">E       	(No symbol) [0x00007FF6636088F5]</span><br/><span class="error">E       	(No symbol) [0x00007FF6635FEC1F]</span><br/><span class="error">E       	(No symbol) [0x00007FF6636267AA]</span><br/><span class="error">E       	(No symbol) [0x00007FF6635FE536]</span><br/><span class="error">E       	(No symbol) [0x00007FF6636269C0]</span><br/><span class="error">E       	(No symbol) [0x00007FF66363E312]</span><br/><span class="error">E       	(No symbol) [0x00007FF663626583]</span><br/><span class="error">E       	(No symbol) [0x00007FF6635FCC71]</span><br/><span class="error">E       	(No symbol) [0x00007FF6635FDE54]</span><br/><span class="error">E       	GetHandleVerifier [0x00007FF663A34CF2+2879026]</span><br/><span class="error">E       	GetHandleVerifier [0x00007FF663A86F30+3215472]</span><br/><span class="error">E       	GetHandleVerifier [0x00007FF663A7FD4F+3186319]</span><br/><span class="error">E       	GetHandleVerifier [0x00007FF663815505+652869]</span><br/><span class="error">E       	(No symbol) [0x00007FF663707518]</span><br/><span class="error">E       	(No symbol) [0x00007FF6637035F4]</span><br/><span class="error">E       	(No symbol) [0x00007FF6637036EC]</span><br/><span class="error">E       	(No symbol) [0x00007FF6636F38E3]</span><br/><span class="error">E       	BaseThreadInitThunk [0x00007FFE49F826AD+29]</span><br/><span class="error">E       	RtlUserThreadStart [0x00007FFE4B84AA68+40]</span><br/><br/>C:\Users\ASUS\AppData\Local\Programs\Python\Python311\Lib\site-packages\selenium\webdriver\remote\errorhandler.py:245: ElementClickInterceptedException<br/></div></td></tr></tbody>
      <tbody class="failed results-table-row">
        <tr>
          <td class="col-result">Failed</td>
          <td class="col-name">test_accone.py::test_validasi_password[ ]</td>
          <td class="col-duration">25.86</td>
          <td class="col-links"></td></tr>
        <tr>
          <td class="extra" colspan="4">
            <div class="log">setup = &lt;selenium.webdriver.chrome.webdriver.WebDriver (session=&quot;8a86c49fef13be3c7f3d44de23b89f0e&quot;)&gt;, password = &#x27; &#x27;<br/><br/>    @pytest.mark.validasi_password<br/>    @pytest.mark.parametrize(&quot;password&quot;, login_validasi_password)<br/>    def test_validasi_password(setup, password):<br/>        setup.find_element(By.XPATH, &#x27;//*[@id=&quot;b4-$b3&quot;]/div/a&#x27;).click()<br/>        setup.find_element(By.ID, &quot;b5-Password2&quot;).send_keys(password)<br/>&gt;       validasi = setup.find_element(By.XPATH, &#x27;//*[@id=&quot;b5-InputKataSandi3&quot;]/span/span&#x27;).text<br/><br/>test_accone.py:100: <br/>_ _ _ _ _ _ _ _ _ _ _ _ _ _ _ _ _ _ _ _ _ _ _ _ _ _ _ _ _ _ _ _ _ _ _ _ _ _ _ _ <br/>C:\Users\ASUS\AppData\Local\Programs\Python\Python311\Lib\site-packages\selenium\webdriver\remote\webdriver.py:740: in find_element<br/>    return self.execute(Command.FIND_ELEMENT, {&quot;using&quot;: by, &quot;value&quot;: value})[&quot;value&quot;]<br/>C:\Users\ASUS\AppData\Local\Programs\Python\Python311\Lib\site-packages\selenium\webdriver\remote\webdriver.py:346: in execute<br/>    self.error_handler.check_response(response)<br/>_ _ _ _ _ _ _ _ _ _ _ _ _ _ _ _ _ _ _ _ _ _ _ _ _ _ _ _ _ _ _ _ _ _ _ _ _ _ _ _ <br/><br/>self = &lt;selenium.webdriver.remote.errorhandler.ErrorHandler object at 0x00000245C88E7350&gt;<br/>response = {&#x27;status&#x27;: 404, &#x27;value&#x27;: &#x27;{&quot;value&quot;:{&quot;error&quot;:&quot;no such element&quot;,&quot;message&quot;:&quot;no such element: Unable to locate element: {\...07FF6636F38E3]\\n\\tBaseThreadInitThunk [0x00007FFE49F826AD+29]\\n\\tRtlUserThreadStart [0x00007FFE4B84AA68+40]\\n&quot;}}&#x27;}<br/><br/>    def check_response(self, response: Dict[str, Any]) -&gt; None:<br/>        &quot;&quot;&quot;Checks that a JSON response from the WebDriver does not have an<br/>        error.<br/>    <br/>        :Args:<br/>         - response - The JSON response from the WebDriver server as a dictionary<br/>           object.<br/>    <br/>        :Raises: If the response contains an error message.<br/>        &quot;&quot;&quot;<br/>        status = response.get(&quot;status&quot;, None)<br/>        if not status or status == ErrorCode.SUCCESS:<br/>            return<br/>        value = None<br/>        message = response.get(&quot;message&quot;, &quot;&quot;)<br/>        screen: str = response.get(&quot;screen&quot;, &quot;&quot;)<br/>        stacktrace = None<br/>        if isinstance(status, int):<br/>            value_json = response.get(&quot;value&quot;, None)<br/>            if value_json and isinstance(value_json, str):<br/>                import json<br/>    <br/>                try:<br/>                    value = json.loads(value_json)<br/>                    if len(value) == 1:<br/>                        value = value[&quot;value&quot;]<br/>                    status = value.get(&quot;error&quot;, None)<br/>                    if not status:<br/>                        status = value.get(&quot;status&quot;, ErrorCode.UNKNOWN_ERROR)<br/>                        message = value.get(&quot;value&quot;) or value.get(&quot;message&quot;)<br/>                        if not isinstance(message, str):<br/>                            value = message<br/>                            message = message.get(&quot;message&quot;)<br/>                    else:<br/>                        message = value.get(&quot;message&quot;, None)<br/>                except ValueError:<br/>                    pass<br/>    <br/>        exception_class: Type[WebDriverException]<br/>        if status in ErrorCode.NO_SUCH_ELEMENT:<br/>            exception_class = NoSuchElementException<br/>        elif status in ErrorCode.NO_SUCH_FRAME:<br/>            exception_class = NoSuchFrameException<br/>        elif status in ErrorCode.NO_SUCH_SHADOW_ROOT:<br/>            exception_class = NoSuchShadowRootException<br/>        elif status in ErrorCode.NO_SUCH_WINDOW:<br/>            exception_class = NoSuchWindowException<br/>        elif status in ErrorCode.STALE_ELEMENT_REFERENCE:<br/>            exception_class = StaleElementReferenceException<br/>        elif status in ErrorCode.ELEMENT_NOT_VISIBLE:<br/>            exception_class = ElementNotVisibleException<br/>        elif status in ErrorCode.INVALID_ELEMENT_STATE:<br/>            exception_class = InvalidElementStateException<br/>        elif (<br/>            status in ErrorCode.INVALID_SELECTOR<br/>            or status in ErrorCode.INVALID_XPATH_SELECTOR<br/>            or status in ErrorCode.INVALID_XPATH_SELECTOR_RETURN_TYPER<br/>        ):<br/>            exception_class = InvalidSelectorException<br/>        elif status in ErrorCode.ELEMENT_IS_NOT_SELECTABLE:<br/>            exception_class = ElementNotSelectableException<br/>        elif status in ErrorCode.ELEMENT_NOT_INTERACTABLE:<br/>            exception_class = ElementNotInteractableException<br/>        elif status in ErrorCode.INVALID_COOKIE_DOMAIN:<br/>            exception_class = InvalidCookieDomainException<br/>        elif status in ErrorCode.UNABLE_TO_SET_COOKIE:<br/>            exception_class = UnableToSetCookieException<br/>        elif status in ErrorCode.TIMEOUT:<br/>            exception_class = TimeoutException<br/>        elif status in ErrorCode.SCRIPT_TIMEOUT:<br/>            exception_class = TimeoutException<br/>        elif status in ErrorCode.UNKNOWN_ERROR:<br/>            exception_class = WebDriverException<br/>        elif status in ErrorCode.UNEXPECTED_ALERT_OPEN:<br/>            exception_class = UnexpectedAlertPresentException<br/>        elif status in ErrorCode.NO_ALERT_OPEN:<br/>            exception_class = NoAlertPresentException<br/>        elif status in ErrorCode.IME_NOT_AVAILABLE:<br/>            exception_class = ImeNotAvailableException<br/>        elif status in ErrorCode.IME_ENGINE_ACTIVATION_FAILED:<br/>            exception_class = ImeActivationFailedException<br/>        elif status in ErrorCode.MOVE_TARGET_OUT_OF_BOUNDS:<br/>            exception_class = MoveTargetOutOfBoundsException<br/>        elif status in ErrorCode.JAVASCRIPT_ERROR:<br/>            exception_class = JavascriptException<br/>        elif status in ErrorCode.SESSION_NOT_CREATED:<br/>            exception_class = SessionNotCreatedException<br/>        elif status in ErrorCode.INVALID_ARGUMENT:<br/>            exception_class = InvalidArgumentException<br/>        elif status in ErrorCode.NO_SUCH_COOKIE:<br/>            exception_class = NoSuchCookieException<br/>        elif status in ErrorCode.UNABLE_TO_CAPTURE_SCREEN:<br/>            exception_class = ScreenshotException<br/>        elif status in ErrorCode.ELEMENT_CLICK_INTERCEPTED:<br/>            exception_class = ElementClickInterceptedException<br/>        elif status in ErrorCode.INSECURE_CERTIFICATE:<br/>            exception_class = InsecureCertificateException<br/>        elif status in ErrorCode.INVALID_COORDINATES:<br/>            exception_class = InvalidCoordinatesException<br/>        elif status in ErrorCode.INVALID_SESSION_ID:<br/>            exception_class = InvalidSessionIdException<br/>        elif status in ErrorCode.UNKNOWN_METHOD:<br/>            exception_class = UnknownMethodException<br/>        else:<br/>            exception_class = WebDriverException<br/>        if not value:<br/>            value = response[&quot;value&quot;]<br/>        if isinstance(value, str):<br/>            raise exception_class(value)<br/>        if message == &quot;&quot; and &quot;message&quot; in value:<br/>            message = value[&quot;message&quot;]<br/>    <br/>        screen = None  # type: ignore[assignment]<br/>        if &quot;screen&quot; in value:<br/>            screen = value[&quot;screen&quot;]<br/>    <br/>        stacktrace = None<br/>        st_value = value.get(&quot;stackTrace&quot;) or value.get(&quot;stacktrace&quot;)<br/>        if st_value:<br/>            if isinstance(st_value, str):<br/>                stacktrace = st_value.split(&quot;\n&quot;)<br/>            else:<br/>                stacktrace = []<br/>                try:<br/>                    for frame in st_value:<br/>                        line = frame.get(&quot;lineNumber&quot;, &quot;&quot;)<br/>                        file = frame.get(&quot;fileName&quot;, &quot;&lt;anonymous&gt;&quot;)<br/>                        if line:<br/>                            file = f&quot;{file}:{line}&quot;<br/>                        meth = frame.get(&quot;methodName&quot;, &quot;&lt;anonymous&gt;&quot;)<br/>                        if &quot;className&quot; in frame:<br/>                            meth = f&quot;{frame[&#x27;className&#x27;]}.{meth}&quot;<br/>                        msg = &quot;    at %s (%s)&quot;<br/>                        msg = msg % (meth, file)<br/>                        stacktrace.append(msg)<br/>                except TypeError:<br/>                    pass<br/>        if exception_class == UnexpectedAlertPresentException:<br/>            alert_text = None<br/>            if &quot;data&quot; in value:<br/>                alert_text = value[&quot;data&quot;].get(&quot;text&quot;)<br/>            elif &quot;alert&quot; in value:<br/>                alert_text = value[&quot;alert&quot;].get(&quot;text&quot;)<br/>            raise exception_class(message, screen, stacktrace, alert_text)  # type: ignore[call-arg]  # mypy is not smart enough here<br/>&gt;       raise exception_class(message, screen, stacktrace)<br/><span class="error">E       selenium.common.exceptions.NoSuchElementException: Message: no such element: Unable to locate element: {&quot;method&quot;:&quot;xpath&quot;,&quot;selector&quot;:&quot;//*[@id=&quot;b5-InputKataSandi3&quot;]/span/span&quot;}</span><br/><span class="error">E         (Session info: chrome=115.0.5790.111); For documentation on this error, please visit: https://www.selenium.dev/documentation/webdriver/troubleshooting/errors#no-such-element-exception</span><br/><span class="error">E       Stacktrace:</span><br/><span class="error">E       Backtrace:</span><br/><span class="error">E       	GetHandleVerifier [0x00007FF663783E62+57250]</span><br/><span class="error">E       	(No symbol) [0x00007FF6636FBC02]</span><br/><span class="error">E       	(No symbol) [0x00007FF6635CE0BB]</span><br/><span class="error">E       	(No symbol) [0x00007FF66360765E]</span><br/><span class="error">E       	(No symbol) [0x00007FF66360774C]</span><br/><span class="error">E       	(No symbol) [0x00007FF663640267]</span><br/><span class="error">E       	(No symbol) [0x00007FF6636267EF]</span><br/><span class="error">E       	(No symbol) [0x00007FF66363E312]</span><br/><span class="error">E       	(No symbol) [0x00007FF663626583]</span><br/><span class="error">E       	(No symbol) [0x00007FF6635FCC71]</span><br/><span class="error">E       	(No symbol) [0x00007FF6635FDE54]</span><br/><span class="error">E       	GetHandleVerifier [0x00007FF663A34CF2+2879026]</span><br/><span class="error">E       	GetHandleVerifier [0x00007FF663A86F30+3215472]</span><br/><span class="error">E       	GetHandleVerifier [0x00007FF663A7FD4F+3186319]</span><br/><span class="error">E       	GetHandleVerifier [0x00007FF663815505+652869]</span><br/><span class="error">E       	(No symbol) [0x00007FF663707518]</span><br/><span class="error">E       	(No symbol) [0x00007FF6637035F4]</span><br/><span class="error">E       	(No symbol) [0x00007FF6637036EC]</span><br/><span class="error">E       	(No symbol) [0x00007FF6636F38E3]</span><br/><span class="error">E       	BaseThreadInitThunk [0x00007FFE49F826AD+29]</span><br/><span class="error">E       	RtlUserThreadStart [0x00007FFE4B84AA68+40]</span><br/><br/>C:\Users\ASUS\AppData\Local\Programs\Python\Python311\Lib\site-packages\selenium\webdriver\remote\errorhandler.py:245: NoSuchElementException<br/></div></td></tr></tbody>
      <tbody class="passed results-table-row">
        <tr>
          <td class="col-result">Passed</td>
          <td class="col-name">test_accone.py::test_login[yayaya@gsa.com-yayaya1]</td>
          <td class="col-duration">25.36</td>
          <td class="col-links"></td></tr>
        <tr>
          <td class="extra" colspan="4">
            <div class="log"> ------------------------------Captured stdout call------------------------------ <br/>berhasil login
<br/></div></td></tr></tbody>
      <tbody class="passed results-table-row">
        <tr>
          <td class="col-result">Passed</td>
          <td class="col-name">test_accone.py::test_login[yiyiyi@gsa.com-yiyiyi2]</td>
          <td class="col-duration">15.83</td>
          <td class="col-links"></td></tr>
        <tr>
          <td class="extra" colspan="4">
            <div class="log"> ------------------------------Captured stdout call------------------------------ <br/>berhasil login
<br/></div></td></tr></tbody>
      <tbody class="passed results-table-row">
        <tr>
          <td class="col-result">Passed</td>
          <td class="col-name">test_accone.py::test_login[yeyeye@gsa.com-yeyeye4]</td>
          <td class="col-duration">14.62</td>
          <td class="col-links"></td></tr>
        <tr>
          <td class="extra" colspan="4">
            <div class="log"> ------------------------------Captured stdout call------------------------------ <br/>berhasil login
<br/></div></td></tr></tbody>
      <tbody class="passed results-table-row">
        <tr>
          <td class="col-result">Passed</td>
          <td class="col-name">test_accone.py::test_login[yoyoyo@gsa.com-yoyoyo5]</td>
          <td class="col-duration">14.67</td>
          <td class="col-links"></td></tr>
        <tr>
          <td class="extra" colspan="4">
            <div class="log"> ------------------------------Captured stdout call------------------------------ <br/>berhasil login
<br/></div></td></tr></tbody>
      <tbody class="passed results-table-row">
        <tr>
          <td class="col-result">Passed</td>
          <td class="col-name">test_accone.py::test_validasi_username[yayaya]</td>
          <td class="col-duration">9.92</td>
          <td class="col-links"></td></tr>
        <tr>
          <td class="extra" colspan="4">
            <div class="empty log">No log output captured.</div></td></tr></tbody>
      <tbody class="passed results-table-row">
        <tr>
          <td class="col-result">Passed</td>
          <td class="col-name">test_accone.py::test_validasi_username[yayaya@hg]</td>
          <td class="col-duration">12.22</td>
          <td class="col-links"></td></tr>
        <tr>
          <td class="extra" colspan="4">
            <div class="empty log">No log output captured.</div></td></tr></tbody>
      <tbody class="passed results-table-row">
        <tr>
          <td class="col-result">Passed</td>
          <td class="col-name">test_accone.py::test_validasi_username[yayehs.com]</td>
          <td class="col-duration">14.70</td>
          <td class="col-links"></td></tr>
        <tr>
          <td class="extra" colspan="4">
            <div class="empty log">No log output captured.</div></td></tr></tbody>
      <tbody class="passed results-table-row">
        <tr>
          <td class="col-result">Passed</td>
          <td class="col-name">test_accone.py::test_validasi_password[yahaha]</td>
          <td class="col-duration">13.51</td>
          <td class="col-links"></td></tr>
        <tr>
          <td class="extra" colspan="4">
            <div class="empty log">No log output captured.</div></td></tr></tbody>
      <tbody class="passed results-table-row">
        <tr>
          <td class="col-result">Passed</td>
          <td class="col-name">test_accone.py::test_validasi_password[yahahaha]</td>
          <td class="col-duration">10.11</td>
          <td class="col-links"></td></tr>
        <tr>
          <td class="extra" colspan="4">
            <div class="empty log">No log output captured.</div></td></tr></tbody>
      <tbody class="passed results-table-row">
        <tr>
          <td class="col-result">Passed</td>
          <td class="col-name">test_accone.py::test_validasi_password[123456]</td>
          <td class="col-duration">11.50</td>
          <td class="col-links"></td></tr>
        <tr>
          <td class="extra" colspan="4">
            <div class="empty log">No log output captured.</div></td></tr></tbody>
      <tbody class="passed results-table-row">
        <tr>
          <td class="col-result">Passed</td>
          <td class="col-name">test_accone.py::test_validasi_password[1234567]</td>
          <td class="col-duration">12.21</td>
          <td class="col-links"></td></tr>
        <tr>
          <td class="extra" colspan="4">
            <div class="empty log">No log output captured.</div></td></tr></tbody></table></body></html>